info it worked if it ends with ok
verbose cli [ 'node',
verbose cli   '/home/gabi/local/node/bin/npm',
verbose cli   'install',
verbose cli   '-d' ]
info using npm@1.0.27
info using node@v0.4.11
verbose config file /home/gabi/.npmrc
verbose config file /home/gabi/local/node/etc/npmrc
ERR! Couldn't read dependencies.
ERR! Error: ENOENT, No such file or directory '/home/gabi/Área de Trabalho/Src/li7e/package.json'
ERR! Report this *entire* log at:
ERR!     <http://github.com/isaacs/npm/issues>
ERR! or email it to:
ERR!     <npm-@googlegroups.com>
ERR! 
ERR! System Linux 2.6.38-11-generic
ERR! command "node" "/home/gabi/local/node/bin/npm" "install" "-d"
ERR! cwd /home/gabi/Área de Trabalho/Src/li7e
ERR! node -v v0.4.11
ERR! npm -v 1.0.27
verbose exit [ 2, true ]
